  dllmain.cpp
D:\ПСП Курсовой проект\Проект\WSDll\dllmain.cpp(2): warning C4603: _WINSOCK_DEPRECATED_NO_WARNINGS: макрос не определен или определение изменилось после использования предкомпилированного заголовка
D:\ПСП Курсовой проект\Проект\WSDll\dllmain.cpp(2): message : Добавление макроопределения в предкомпилированный заголовок вместо определения его здесь
D:\ПСП Курсовой проект\Проект\WSDll\dllmain.cpp(4): message : использование предварительно скомпилированного заголовка
D:\ПСП Курсовой проект\Проект\WSDll\dllmain.cpp(66,1): warning C4297: createAndListenSocket: ожидается, что функция не будет выдавать исключения, но она это делает
D:\ПСП Курсовой проект\Проект\WSDll\dllmain.cpp(66,1): message : для функции указан атрибут __declspec(nothrow), throw(), noexcept(true) или noexcept
D:\ПСП Курсовой проект\Проект\WSDll\dllmain.cpp(73,1): warning C4297: createAndListenSocket: ожидается, что функция не будет выдавать исключения, но она это делает
D:\ПСП Курсовой проект\Проект\WSDll\dllmain.cpp(73,1): message : для функции указан атрибут __declspec(nothrow), throw(), noexcept(true) или noexcept
D:\ПСП Курсовой проект\Проект\WSDll\dllmain.cpp(99,1): warning C4297: createAndListenSocket: ожидается, что функция не будет выдавать исключения, но она это делает
D:\ПСП Курсовой проект\Проект\WSDll\dllmain.cpp(99,1): message : для функции указан атрибут __declspec(nothrow), throw(), noexcept(true) или noexcept
D:\ПСП Курсовой проект\Проект\WSDll\dllmain.cpp(129,1): warning C4297: createAndListenSocket: ожидается, что функция не будет выдавать исключения, но она это делает
D:\ПСП Курсовой проект\Проект\WSDll\dllmain.cpp(129,1): message : для функции указан атрибут __declspec(nothrow), throw(), noexcept(true) или noexcept
D:\ПСП Курсовой проект\Проект\WSDll\dllmain.cpp(145,1): warning C4297: createAndListenSocket: ожидается, что функция не будет выдавать исключения, но она это делает
D:\ПСП Курсовой проект\Проект\WSDll\dllmain.cpp(145,1): message : для функции указан атрибут __declspec(nothrow), throw(), noexcept(true) или noexcept
D:\ПСП Курсовой проект\Проект\WSDll\dllmain.cpp(173,1): warning C4297: sendMessageToSocket: ожидается, что функция не будет выдавать исключения, но она это делает
D:\ПСП Курсовой проект\Проект\WSDll\dllmain.cpp(173,1): message : для функции указан атрибут __declspec(nothrow), throw(), noexcept(true) или noexcept
D:\ПСП Курсовой проект\Проект\WSDll\dllmain.cpp(185,1): warning C4297: sendMessageToSocket: ожидается, что функция не будет выдавать исключения, но она это делает
D:\ПСП Курсовой проект\Проект\WSDll\dllmain.cpp(185,1): message : для функции указан атрибут __declspec(nothrow), throw(), noexcept(true) или noexcept
D:\ПСП Курсовой проект\Проект\WSDll\dllmain.cpp(196,1): warning C4297: sendMessageToSocket: ожидается, что функция не будет выдавать исключения, но она это делает
D:\ПСП Курсовой проект\Проект\WSDll\dllmain.cpp(196,1): message : для функции указан атрибут __declspec(nothrow), throw(), noexcept(true) или noexcept
D:\ПСП Курсовой проект\Проект\WSDll\dllmain.cpp(213,1): warning C4297: sendMessageToSocket: ожидается, что функция не будет выдавать исключения, но она это делает
D:\ПСП Курсовой проект\Проект\WSDll\dllmain.cpp(213,1): message : для функции указан атрибут __declspec(nothrow), throw(), noexcept(true) или noexcept
D:\ПСП Курсовой проект\Проект\WSDll\dllmain.cpp(221,1): warning C4297: sendMessageToSocket: ожидается, что функция не будет выдавать исключения, но она это делает
D:\ПСП Курсовой проект\Проект\WSDll\dllmain.cpp(221,1): message : для функции указан атрибут __declspec(nothrow), throw(), noexcept(true) или noexcept
D:\ПСП Курсовой проект\Проект\WSDll\dllmain.cpp(231,1): warning C4297: sendMessageToSocket: ожидается, что функция не будет выдавать исключения, но она это делает
D:\ПСП Курсовой проект\Проект\WSDll\dllmain.cpp(231,1): message : для функции указан атрибут __declspec(nothrow), throw(), noexcept(true) или noexcept
D:\ПСП Курсовой проект\Проект\WSDll\dllmain.cpp(111): warning C4172: возвращение адреса локальной или временной переменной : res
D:\ПСП Курсовой проект\Проект\WSDll\dllmain.cpp(150): warning C4172: возвращение адреса локальной или временной переменной : recvbuf
  WSDll.vcxproj -> D:\ПСП Курсовой проект\Проект\Debug\WSDll.dll
